<?xml version="1.0" encoding="UTF-8"?>
<!-- Generated by org.testng.reporters.JUnitReportReporter -->
<testsuite hostname="MWDH-Work2" failures="0" tests="3" name="testcases.TestCasesFrom1To3" time="53.132" errors="0" timestamp="2022-08-19T01:11:30 AST" skipped="0">
  <testcase classname="testcases.TestCasesFrom1To3" name="TC_03" time="12.270"/>
  <system-out/>
  <testcase classname="testcases.TestCasesFrom1To3" name="TC_02" time="20.721"/>
  <system-out/>
  <testcase classname="testcases.TestCasesFrom1To3" name="TC_01" time="20.141"/>
  <system-out/>
</testsuite> <!-- testcases.TestCasesFrom1To3 -->
