<?xml version="1.0" encoding="UTF-8"?>
<!-- Generated by org.testng.reporters.JUnitReportReporter -->
<testsuite hostname="MWDH-Work2" failures="0" tests="2" name="testcases.TestCasesFrom14and16" time="47.272" errors="0" timestamp="2022-08-19T01:11:30 AST" skipped="0">
  <testcase classname="testcases.TestCasesFrom14and16" name="TC_14" time="24.939"/>
  <system-out/>
  <testcase classname="testcases.TestCasesFrom14and16" name="TC_16" time="22.333"/>
  <system-out/>
</testsuite> <!-- testcases.TestCasesFrom14and16 -->
