<?xml version="1.0" encoding="UTF-8"?>
<!-- Generated by org.testng.reporters.JUnitReportReporter -->
<testsuite hostname="MWDH-Work2" failures="0" tests="5" name="testcases.TestCasesFrom8To13" time="125.364" errors="0" timestamp="2022-08-19T01:11:30 AST" skipped="0">
  <testcase classname="testcases.TestCasesFrom8To13" name="TC_08" time="25.503"/>
  <system-out/>
  <testcase classname="testcases.TestCasesFrom8To13" name="TC_09" time="18.027"/>
  <system-out/>
  <testcase classname="testcases.TestCasesFrom8To13" name="TC_10" time="35.072"/>
  <system-out/>
  <testcase classname="testcases.TestCasesFrom8To13" name="TC_12" time="26.080"/>
  <system-out/>
  <testcase classname="testcases.TestCasesFrom8To13" name="TC_13" time="20.682"/>
  <system-out/>
</testsuite> <!-- testcases.TestCasesFrom8To13 -->
